warning: Git tree '/home/total/.nixlyos' is dirty
building the system configuration...
warning: Git tree '/home/total/.nixlyos' is dirty
these 25 derivations will be built:
  /nix/store/ymvx6sbpnckn69ylw11r628ii7fcmmps-wlroots-0.20.0-rc4.drv
  /nix/store/y7y1cfjychab0s08y5g5m461rmlpih5i-nixlytile-git.drv
  /nix/store/b7hw6qjmrg80pak6ssz0845c22zlgxdz-nixlytile-launcher.drv
  /nix/store/3z48r5hrdzw58hw53bl7b3rdqc57dqan-nixlytile-session.drv
  /nix/store/r63rdswjfmb1ybaqfhnipwq6l9wlwyxw-desktops.drv
  /nix/store/0g12z9djyj668ypxxap01yxmxnrsqdgi-config.ini.drv
  /nix/store/57plgchp5x5l3n245s4w1mqs371lqbkx-system-path.drv
  /nix/store/41cs4f6ajxzpj31k56n8428z6d2si40n-dbus-1.drv
  /nix/store/7xvg5nbk73f5bsa2p8w6ia1h2xqqagi4-X-Restart-Triggers-dbus.drv
  /nix/store/9ban3q6h7yl6f67nynypsba39w5c6579-unit-dbus.service.drv
  /nix/store/2l2rss8xc2pfjfnxyf9ifdkq6ij5bk49-user-units.drv
  /nix/store/yrdcp1zyvymill64hawzf5zxsm78dif0-X-Restart-Triggers-polkit.drv
  /nix/store/7lzcky0pgx6hayb4lgwrivsz9g3va3z8-unit-polkit.service.drv
  /nix/store/jwk09wwiip6zhakhwcyvv7pva5s4qn9i-etc-pam-environment.drv
  /nix/store/pfg4k0wi62cy63bf88i0w7mz0kwwfay8-set-environment.drv
  /nix/store/kbi7i1cg1494f4fia6g3s2s0r71m8qbl-etc-profile.drv
  /nix/store/zfnnb89l80mm8a3q7r51143w4hcfhy70-security-wrapper-.nixlytile-wrapped-x86_64-unknown-linux-musl.drv
  /nix/store/hkhf96jkqxf48wazgzhc5dq31hbiir9g-unit-script-suid-sgid-wrappers-start.drv
  /nix/store/gm457rp1p6qab1glibxd5b21n55i3sjd-unit-suid-sgid-wrappers.service.drv
  /nix/store/xjgjsdfl4h5vkmb485rv7j0jnmddzn5r-unit-dbus.service.drv
  /nix/store/r8hfsak51j2qa3h4ix3i5qwx0kfrca83-system-units.drv
  /nix/store/lwkk9jqirskin8sv9wh8z3qxdi6wv83s-etc.drv
  /nix/store/cvxf6nrpx908gcfcwzmw8gf46w03qxnq-activate.drv
  /nix/store/mbv5d8m3b8z4a2xr3hv4pfs9a6wcj2v5-ensure-all-wrappers-paths-exist.drv
  /nix/store/gzmn8w5mj10pw4qihyrn49cdrrsl5pfy-nixos-system-nixlytest-26.05.20260317.cda4854.drv
building '/nix/store/ymvx6sbpnckn69ylw11r628ii7fcmmps-wlroots-0.20.0-rc4.drv'...
error: Cannot build '/nix/store/ymvx6sbpnckn69ylw11r628ii7fcmmps-wlroots-0.20.0-rc4.drv'.
       Reason: builder failed with exit code 1.
       Output paths:
         /nix/store/1qvy562ahb8nja6xy47swa5wp7wk037k-wlroots-0.20.0-rc4
       Last 25 log lines:
       > Compiler for C supports arguments -Wstrict-aliasing=2: YES
       > Compiler for C supports arguments -Woverflow: YES
       > Compiler for C supports arguments -Wmissing-prototypes: YES
       > Compiler for C supports arguments -Walloca: YES
       > Compiler for C supports arguments -Wno-missing-braces: YES
       > Compiler for C supports arguments -Wno-missing-field-initializers: YES
       > Compiler for C supports arguments -Wno-unused-parameter: YES
       > Compiler for C supports arguments -fmacro-prefix-map=/prefix/to/hide=: YES
       > Found pkg-config: YES (/nix/store/x06h0jfzv99c3dmb8pj8wbmy0v9wj6bd-pkg-config-wrapper-0.29.2/bin/pkg-config) 0.29.2
       > Run-time dependency wayland-server found: YES 1.24.0
       > Run-time dependency libdrm found: YES 2.4.129
       > Run-time dependency xkbcommon found: YES 1.11.0
       > Run-time dependency pixman-1 found: YES 0.46.4
       > Library m found: YES
       > Library rt found: YES
       > Dependency wayland-protocols found: NO. Found 1.45 but need: '>=1.47'
       > Did not find CMake 'cmake'
       > Found CMake: NO
       > Run-time dependency wayland-protocols found: NO (tried pkgconfig and cmake)
       > Looking for a fallback subproject for the dependency wayland-protocols
       > ERROR: Subproject wayland-protocols is buildable: NO
       >
       > protocol/meson.build:1:17: ERROR: Automatic wrap-based subproject downloading is disabled
       >
       > A full log can be found at /build/wlroots/build/meson-logs/meson-log.txt
       For full logs, run:
         nix log /nix/store/ymvx6sbpnckn69ylw11r628ii7fcmmps-wlroots-0.20.0-rc4.drv
error: Cannot build '/nix/store/y7y1cfjychab0s08y5g5m461rmlpih5i-nixlytile-git.drv'.
       Reason: 1 dependency failed.
       Output paths:
         /nix/store/cry90l86pv75ws1ykcj77fjb7yycza3a-nixlytile-git
error: Build failed due to failed dependency
error: Cannot build '/nix/store/mbv5d8m3b8z4a2xr3hv4pfs9a6wcj2v5-ensure-all-wrappers-paths-exist.drv'.
       Reason: 1 dependency failed.
       Output paths:
         /nix/store/dz1pnc0n99jxqv3pjiqrn3bhnq9izrlm-ensure-all-wrappers-paths-exist
error: Cannot build '/nix/store/b7hw6qjmrg80pak6ssz0845c22zlgxdz-nixlytile-launcher.drv'.
       Reason: 1 dependency failed.
       Output paths:
         /nix/store/jiwb3zylgr0ia4achblkipf1w35qxfz3-nixlytile-launcher
error: Cannot build '/nix/store/3z48r5hrdzw58hw53bl7b3rdqc57dqan-nixlytile-session.drv'.
       Reason: 1 dependency failed.
       Output paths:
         /nix/store/q2x0q4s0ia7rxzyifpp3qfh9v27qp0g4-nixlytile-session
error: Cannot build '/nix/store/zfnnb89l80mm8a3q7r51143w4hcfhy70-security-wrapper-.nixlytile-wrapped-x86_64-unknown-linux-musl.drv'.
       Reason: 1 dependency failed.
       Output paths:
         /nix/store/fihbbn20rgkf7vpcalzm97px92ashvbb-security-wrapper-.nixlytile-wrapped-x86_64-unknown-linux-musl
error: Build failed due to failed dependency
error: Build failed due to failed dependency
error: Build failed due to failed dependency
error: Cannot build '/nix/store/r63rdswjfmb1ybaqfhnipwq6l9wlwyxw-desktops.drv'.
       Reason: 1 dependency failed.
       Output paths:
         /nix/store/3mq39pzf6chv9ya26cs5qcihsf7z5shk-desktops
error: Cannot build '/nix/store/gzmn8w5mj10pw4qihyrn49cdrrsl5pfy-nixos-system-nixlytest-26.05.20260317.cda4854.drv'.
       Reason: 1 dependency failed.
       Output paths:
         /nix/store/vids7naapibp8pd9kb554s7li973d2hs-nixos-system-nixlytest-26.05.20260317.cda4854
error: Cannot build '/nix/store/57plgchp5x5l3n245s4w1mqs371lqbkx-system-path.drv'.
       Reason: 1 dependency failed.
       Output paths:
         /nix/store/q5gvk3mm9qzbm8nwjjrp4cli0pa5x6ls-system-path
error: Cannot build '/nix/store/hkhf96jkqxf48wazgzhc5dq31hbiir9g-unit-script-suid-sgid-wrappers-start.drv'.
       Reason: 1 dependency failed.
       Output paths:
         /nix/store/3ii2dsiqh47p743qmmmzyg31v621bzk8-unit-script-suid-sgid-wrappers-start
error: Build failed due to failed dependency
Command 'nix --extra-experimental-features 'nix-command flakes' build --print-out-paths '/home/total/.nixlyos#nixosConfigurations."nixlyos".config.system.build.toplevel' --no-link' returned non-zero exit status 1.
